<?xml version="1.0" encoding="UTF-8"?>
<!-- Generated by org.testng.reporters.JUnitXMLReporter -->
<testsuite ignored="0" hostname="5CD2016Q87" failures="0" tests="0" time="5.598" errors="0" timestamp="2023-09-05T21:06:30 IST">
  <testcase classname="Test.testclass" name="@BeforeTest lauchDriver" time="5.538">
    <failure type="java.lang.NoSuchMethodError" message="&amp;apos;com.google.common.collect.ImmutableMap com.google.common.collect.ImmutableMap.of(java.lang.Object, java.lang.Object, java.lang.Object, java.lang.Object, java.lang.Object, java.lang.Object, java.lang.Object, java.lang.Object, java.lang.Object, java.lang.Object, java.lang.Object, java.lang.Object)&amp;apos;">
      <![CDATA[java.lang.NoSuchMethodError: 'com.google.common.collect.ImmutableMap com.google.common.collect.ImmutableMap.of(java.lang.Object, java.lang.Object, java.lang.Object, java.lang.Object, java.lang.Object, java.lang.Object, java.lang.Object, java.lang.Object, java.lang.Object, java.lang.Object, java.lang.Object, java.lang.Object)'
at org.openqa.selenium.chrome.AddHasCasting.getAdditionalCommands(AddHasCasting.java:38)
at org.openqa.selenium.chrome.ChromeDriver$ChromeDriverCommandExecutor.getExtraCommands(ChromeDriver.java:123)
at org.openqa.selenium.chrome.ChromeDriver$ChromeDriverCommandExecutor.<init>(ChromeDriver.java:118)
at org.openqa.selenium.chrome.ChromeDriver.<init>(ChromeDriver.java:106)
at org.openqa.selenium.chrome.ChromeDriver.<init>(ChromeDriver.java:93)
at org.openqa.selenium.chrome.ChromeDriver.<init>(ChromeDriver.java:48)
at Test.testclass.lauchDriver(testclass.java:18)
... Removed 24 stack frames]]>
    </failure>
  </testcase> <!-- @BeforeTest lauchDriver -->
  <testcase classname="Test.testclass" name="@AfterTest teardown" time="0.0">
    <skipped/>
  </testcase> <!-- @AfterTest teardown -->
</testsuite>
