-------------------------------------------------------------------------------
Test set: Test.testclass
-------------------------------------------------------------------------------
Tests run: 2, Failures: 2, Errors: 0, Skipped: 0, Time elapsed: 8.44 sec <<< FAILURE! - in Test.testclass
inspect(Test.testclass)  Time elapsed: 2.068 sec  <<< FAILURE!
org.openqa.selenium.NoSuchElementException: 
Unable to find element with locator By.xpath: //span[contains(text(),'Inspect')]
For documentation on this error, please visit: https://selenium.dev/exceptions/#no_such_element
Build info: version: '4.2.1', revision: 'ac4d0fdd4a'
System info: host: '5CD2016Q87', ip: '192.168.0.8', os.name: 'Windows 10', os.arch: 'amd64', os.version: '10.0', java.version: '17.0.2'
Driver info: driver.version: RemoteWebDriver
	at Test.testclass.inspect(testclass.java:45)

logincredentials(Test.testclass)  Time elapsed: 0.019 sec  <<< FAILURE!
org.openqa.selenium.NoSuchWindowException: 
no such window: target window already closed
from unknown error: web view not found
  (Session info: chrome=116.0.5845.180)
Build info: version: '4.2.1', revision: 'ac4d0fdd4a'
System info: host: '5CD2016Q87', ip: '192.168.0.8', os.name: 'Windows 10', os.arch: 'amd64', os.version: '10.0', java.version: '17.0.2'
Driver info: org.openqa.selenium.chrome.ChromeDriver
Command: [2ed897442b08a4716ca4b9ec47eb1b72, findElement {using=name, value=email}]
Capabilities {acceptInsecureCerts: false, browserName: chrome, browserVersion: 116.0.5845.180, chrome: {chromedriverVersion: 116.0.5845.96 (1a3918166880..., userDataDir: C:\Users\101986\AppData\Loc...}, fedcm:accounts: true, goog:chromeOptions: {debuggerAddress: localhost:52062}, networkConnectionEnabled: false, pageLoadStrategy: normal, platformName: WINDOWS, proxy: Proxy(), se:cdp: ws://localhost:52062/devtoo..., se:cdpVersion: 116.0.5845.180, setWindowRect: true, strictFileInteractability: false, timeouts: {implicit: 0, pageLoad: 300000, script: 30000}, unhandledPromptBehavior: dismiss and notify, webauthn:extension:credBlob: true, webauthn:extension:largeBlob: true, webauthn:extension:minPinLength: true, webauthn:extension:prf: true, webauthn:virtualAuthenticators: true}
Session ID: 2ed897442b08a4716ca4b9ec47eb1b72
	at Test.testclass.logincredentials(testclass.java:32)

